 Watching for file changes with StatReloader
Executing function: list with arguments: (<Transaction.views.TransactionViewSet object at 0x0000020F96994D70>, <rest_framework.request.Request: GET '/api/transactions/'>), {}
Fetching all transactions.
Fetching transactions.
Fetched 6 transactions.
Function list executed successfully
"GET /api/transactions/ HTTP/1.1" 200 1429
"POST /api/login/ HTTP/1.1" 200 638
"GET /api/authors/ HTTP/1.1" 200 167
Executing function: list with arguments: (<Transaction.views.TransactionViewSet object at 0x0000020F96A8FC50>, <rest_framework.request.Request: GET '/api/transactions/'>), {}
Fetching all transactions.
Fetching transactions.
Fetched 6 transactions.
Function list executed successfully
"GET /api/transactions/ HTTP/1.1" 200 1429
"GET /api/students/ HTTP/1.1" 200 132
"GET /api/books/ HTTP/1.1" 200 113
Executing function: create with arguments: (<Transaction.views.TransactionViewSet object at 0x0000020F96A8F110>, <rest_framework.request.Request: POST '/api/transactions/'>), {}
Creating a new transaction with data: {'transaction_id': 0, 'student': 5, 'user': 'ebc8d256-2595-4d22-b13a-297695073539', 'book': 1, 'transaction_type': 'return', 'date': '2020/05/05', 'student_name': None, 'librarian_name': None, 'book_name': None}
Function create executed successfully
"POST /api/transactions/ HTTP/1.1" 201 237
Executing function: list with arguments: (<Transaction.views.TransactionViewSet object at 0x0000020F97F0AEA0>, <rest_framework.request.Request: GET '/api/transactions/'>), {}
Fetching all transactions.
Fetching transactions.
Fetched 7 transactions.
Function list executed successfully
"GET /api/transactions/ HTTP/1.1" 200 1667
Executing function: list with arguments: (<Transaction.views.TransactionViewSet object at 0x0000020F97F0B100>, <rest_framework.request.Request: GET '/api/transactions/'>), {}
Fetching all transactions.
Fetching transactions.
Fetched 7 transactions.
Function list executed successfully
"GET /api/transactions/ HTTP/1.1" 200 1667
"GET /api/students/ HTTP/1.1" 200 132
"GET /api/books/ HTTP/1.1" 200 113
Executing function: create with arguments: (<Transaction.views.TransactionViewSet object at 0x0000020F97F20830>, <rest_framework.request.Request: POST '/api/transactions/'>), {}
Creating a new transaction with data: {'transaction_id': 0, 'student': 5, 'user': 'ebc8d256-2595-4d22-b13a-297695073539', 'book': 1, 'transaction_type': 'return', 'date': '2020/05/05', 'student_name': None, 'librarian_name': None, 'book_name': None}
Function create executed successfully
"POST /api/transactions/ HTTP/1.1" 201 237
Executing function: list with arguments: (<Transaction.views.TransactionViewSet object at 0x0000020F96873790>, <rest_framework.request.Request: GET '/api/transactions/'>), {}
Fetching all transactions.
Fetching transactions.
Fetched 8 transactions.
Function list executed successfully
"GET /api/transactions/ HTTP/1.1" 200 1905
D:\Download\LMS\LMS\LMS\core\queue_publisher.py changed, reloading.
Watching for file changes with StatReloader
Executing function: list with arguments: (<Transaction.views.TransactionViewSet object at 0x00000229C8CB4EC0>, <rest_framework.request.Request: GET '/api/transactions/'>), {}
Fetching all transactions.
Fetching transactions.
Fetched 8 transactions.
Function list executed successfully
"GET /api/transactions/ HTTP/1.1" 200 1905
"GET /api/students/ HTTP/1.1" 200 132
"GET /api/books/ HTTP/1.1" 200 113
Executing function: create with arguments: (<Transaction.views.TransactionViewSet object at 0x00000229C8DD3ED0>, <rest_framework.request.Request: POST '/api/transactions/'>), {}
Creating a new transaction with data: {'transaction_id': 0, 'student': 5, 'user': 'ebc8d256-2595-4d22-b13a-297695073539', 'book': 1, 'transaction_type': 'return', 'date': '2020/05/05', 'student_name': None, 'librarian_name': None, 'book_name': None}
Function create executed successfully
"POST /api/transactions/ HTTP/1.1" 201 237
Executing function: list with arguments: (<Transaction.views.TransactionViewSet object at 0x00000229C8DD2FD0>, <rest_framework.request.Request: GET '/api/transactions/'>), {}
Fetching all transactions.
Fetching transactions.
Fetched 9 transactions.
Function list executed successfully
"GET /api/transactions/ HTTP/1.1" 200 2143
Executing function: list with arguments: (<Transaction.views.TransactionViewSet object at 0x00000229C925B360>, <rest_framework.request.Request: GET '/api/transactions/'>), {}
Fetching all transactions.
Fetching transactions.
Fetched 9 transactions.
Function list executed successfully
"GET /api/transactions/ HTTP/1.1" 200 2143
"GET /api/students/ HTTP/1.1" 200 132
"GET /api/books/ HTTP/1.1" 200 113
Executing function: create with arguments: (<Transaction.views.TransactionViewSet object at 0x00000229C925A650>, <rest_framework.request.Request: POST '/api/transactions/'>), {}
Creating a new transaction with data: {'transaction_id': 0, 'student': 5, 'user': 'ebc8d256-2595-4d22-b13a-297695073539', 'book': 1, 'transaction_type': 'return', 'date': '2020/05/05', 'student_name': None, 'librarian_name': None, 'book_name': None}
Function create executed successfully
"POST /api/transactions/ HTTP/1.1" 201 237
Executing function: list with arguments: (<Transaction.views.TransactionViewSet object at 0x00000229C9285130>, <rest_framework.request.Request: GET '/api/transactions/'>), {}
Fetching all transactions.
Fetching transactions.
Fetched 10 transactions.
Function list executed successfully
"GET /api/transactions/ HTTP/1.1" 200 2381
Executing function: list with arguments: (<Transaction.views.TransactionViewSet object at 0x00000229C8B93350>, <rest_framework.request.Request: GET '/api/transactions/'>), {}
Fetching all transactions.
Fetching transactions.
Fetched 10 transactions.
Function list executed successfully
"GET /api/transactions/ HTTP/1.1" 200 2381
"GET /api/students/ HTTP/1.1" 200 132
"GET /api/books/ HTTP/1.1" 200 113
Executing function: create with arguments: (<Transaction.views.TransactionViewSet object at 0x00000229C8B93020>, <rest_framework.request.Request: POST '/api/transactions/'>), {}
Creating a new transaction with data: {'transaction_id': 0, 'student': 5, 'user': 'ebc8d256-2595-4d22-b13a-297695073539', 'book': 1, 'transaction_type': 'return', 'date': '2020/05/05', 'student_name': None, 'librarian_name': None, 'book_name': None}
Function create executed successfully
"POST /api/transactions/ HTTP/1.1" 201 237
Executing function: list with arguments: (<Transaction.views.TransactionViewSet object at 0x00000229C9321A50>, <rest_framework.request.Request: GET '/api/transactions/'>), {}
Fetching all transactions.
Fetching transactions.
Fetched 11 transactions.
Function list executed successfully
"GET /api/transactions/ HTTP/1.1" 200 2619
- Broken pipe from ('127.0.0.1', 54257)
Watching for file changes with StatReloader
Not Found: /
"GET / HTTP/1.1" 404 2889
Not Found: /favicon.ico
"GET /favicon.ico HTTP/1.1" 404 2940
Executing function: list with arguments: (<Transaction.views.TransactionViewSet object at 0x0000027A3D349940>, <rest_framework.request.Request: GET '/api/transactions/'>), {}
Fetching all transactions.
Fetching transactions.
Fetched 11 transactions.
Function list executed successfully
"GET /api/transactions/ HTTP/1.1" 200 12341
"GET /static/rest_framework/css/bootstrap.min.css HTTP/1.1" 200 121457
"GET /static/rest_framework/css/default.css HTTP/1.1" 200 1152
"GET /static/rest_framework/css/prettify.css HTTP/1.1" 200 817
"GET /static/rest_framework/css/bootstrap-tweaks.css HTTP/1.1" 200 3426
"GET /static/rest_framework/js/default.js HTTP/1.1" 200 1268
"GET /static/rest_framework/js/csrf.js HTTP/1.1" 200 1793
"GET /static/rest_framework/js/ajax-form.js HTTP/1.1" 200 3796
"GET /static/rest_framework/img/grid.png HTTP/1.1" 200 1458
"GET /static/rest_framework/js/prettify-min.js HTTP/1.1" 200 13632
"GET /static/rest_framework/js/load-ajax-form.js HTTP/1.1" 200 59
"GET /static/rest_framework/js/bootstrap.min.js HTTP/1.1" 200 39680
"GET /static/rest_framework/js/jquery-3.7.1.min.js HTTP/1.1" 200 87533
Method Not Allowed: /api/login/
"GET /api/login/ HTTP/1.1" 405 7493
"POST /api/login/ HTTP/1.1" 200 8118
Bad Request: /api/login/
"POST /api/login/ HTTP/1.1" 400 80
Method Not Allowed: /api/login/
"GET /api/login/ HTTP/1.1" 405 7493
Executing function: create with arguments: (<Transaction.views.TransactionViewSet object at 0x0000027A3D90A210>, <rest_framework.request.Request: POST '/api/transactions/'>), {}
Creating a new transaction with data: {'transaction_id': 29, 'student': 5, 'user': 'ebc8d256-2595-4d22-b13a-297695073539', 'book': 1, 'transaction_type': 'return', 'date': '2020/05/05', 'student_name': 'Pradatta pradatta', 'librarian_name': 'zzz', 'book_name': 'The Adventures of Tom Sawyer'}
Function create executed successfully
"POST /api/transactions/ HTTP/1.1" 201 237
Watching for file changes with StatReloader
Executing function: list with arguments: (<Transaction.views.TransactionViewSet object at 0x0000027B16030AD0>, <rest_framework.request.Request: GET '/api/transactions/'>), {}
Fetching all transactions.
Fetching transactions.
Fetched 12 transactions.
Function list executed successfully
"GET /api/transactions/ HTTP/1.1" 200 12829
Watching for file changes with StatReloader
Not Found: /
"GET / HTTP/1.1" 404 2889
Not Found: /favicon.ico
"GET /favicon.ico HTTP/1.1" 404 2940
Executing function: list with arguments: (<Transaction.views.TransactionViewSet object at 0x00000268C6D82CF0>, <rest_framework.request.Request: GET '/api/transactions/'>), {}
Fetching all transactions.
Fetching transactions.
Fetched 12 transactions.
Function list executed successfully
"GET /api/transactions/ HTTP/1.1" 200 12829
